<?xml version="1.0" encoding="UTF-8"?>
<!-- Generated by org.testng.reporters.JUnitXMLReporter -->
<testsuite hostname="ravi" ignored="2" name="Test" tests="1" failures="1" timestamp="26 Jun 2018 15:31:21 GMT" time="0.156" errors="0">
  <testcase name="settings" time="0.047" classname="Elixir_Maven.Elixer_project.NewTest">
    <failure type="java.lang.NullPointerException">
      <![CDATA[java.lang.NullPointerException
at Elixir_Maven.Elixer_project.NewTest.settings(NewTest.java:23)
... Removed 25 stack frames]]>
    </failure>
  </testcase> <!-- settings -->
  <testcase name="login" time="0.0" classname="Elixir_Maven.Elixer_project.NewTest">
    <ignored/>
  </testcase> <!-- login -->
  <testcase name="settings_financial" time="0.0" classname="Elixir_Maven.Elixer_project.FinacialTest">
    <ignored/>
  </testcase> <!-- settings_financial -->
</testsuite> <!-- Test -->
