<?xml version="1.0" encoding="UTF-8"?>
<!-- Generated by org.testng.reporters.JUnitXMLReporter -->
<testsuite hostname="ravi" ignored="1" name="Test" tests="1" failures="1" timestamp="22 Jun 2018 10:30:13 GMT" time="0.183" errors="0">
  <testcase name="settings" time="0.051" classname="Elixir_Maven.Elixer_project.NewTest">
    <failure type="java.lang.NullPointerException">
      <![CDATA[java.lang.NullPointerException
at Elixir_Maven.Elixer_project.NewTest.settings(NewTest.java:22)
... Removed 25 stack frames]]>
    </failure>
  </testcase> <!-- settings -->
  <testcase name="login" time="0.0" classname="Elixir_Maven.Elixer_project.NewTest">
    <ignored/>
  </testcase> <!-- login -->
</testsuite> <!-- Test -->
